<?xml version="1.0" encoding="UTF-8"?>
<!-- Generated by org.testng.reporters.JUnitXMLReporter -->
<testsuite hostname="Mehedi-PC" name="Default test" tests="3" failures="0" timestamp="17 Mar 2015 06:17:22 GMT" time="13.22" errors="0">
  <testcase name="verifyBlankNewsletterSignUp" time="0.928" classname="com.shopstyle.RegressionTestSuite"/>
  <testcase name="verifyInvalidNewsletterSignUp" time="1.462" classname="com.shopstyle.RegressionTestSuite"/>
  <testcase name="verifyValidNewsletterSignUp" time="1.933" classname="com.shopstyle.RegressionTestSuite"/>
</testsuite> <!-- Default test -->
