<?xml version="1.0" encoding="UTF-8"?>
<!-- Generated by org.testng.reporters.JUnitXMLReporter -->
<testsuite hostname="Mehedi" name="Default test" tests="3" failures="0" timestamp="15 Mar 2015 05:11:34 GMT" time="36.093" errors="0">
  <testcase name="verifyBlankNewsletterSignUp" time="0.86" classname="com.shopstyle.RegressionTestSuite"/>
  <testcase name="verifyInvalidNewsletterSignUp" time="1.452" classname="com.shopstyle.RegressionTestSuite"/>
  <testcase name="verifyValidNewsletterSignUp" time="2.002" classname="com.shopstyle.RegressionTestSuite"/>
</testsuite> <!-- Default test -->
